{"E:\\algorithm_platform\\src\\algorithm\\router\\index.js": {"path":"E:\\algorithm_platform\\src\\algorithm\\router\\index.js","statementMap":{"0":{"start":{"line":1,"column":0},"end":{"line":null,"column":-1}},"1":{"start":{"line":2,"column":0},"end":{"line":null,"column":-1}},"2":{"start":{"line":3,"column":0},"end":{"line":null,"column":-1}}},"fnMap":{},"branchMap":{},"s":{"0":0,"1":0,"2":0},"f":{},"b":{}}
,"E:\\algorithm_platform\\src\\common\\component\\HelloWorld.vue": {"path":"E:\\algorithm_platform\\src\\common\\component\\HelloWorld.vue","statementMap":{"0":{"start":{"line":90,"column":0},"end":{"line":null,"column":-1}}},"fnMap":{"0":{"name":"data","decl":{"start":{"line":89,"column":0},"end":{"line":null,"column":-1}},"loc":{"start":{"line":89,"column":0},"end":{"line":93,"column":0}}}},"branchMap":{},"s":{"0":0},"f":{"0":0},"b":{}}
,"E:\\algorithm_platform\\src\\common\\config\\index.js": {"path":"E:\\algorithm_platform\\src\\common\\config\\index.js","statementMap":{"0":{"start":{"line":1,"column":0},"end":{"line":null,"column":-1}},"1":{"start":{"line":2,"column":0},"end":{"line":null,"column":-1}},"2":{"start":{"line":3,"column":0},"end":{"line":null,"column":-1}},"3":{"start":{"line":5,"column":15},"end":{"line":5,"column":0}},"4":{"start":{"line":6,"column":17},"end":{"line":6,"column":0}},"5":{"start":{"line":7,"column":11},"end":{"line":7,"column":0}},"6":{"start":{"line":8,"column":0},"end":{"line":16,"column":1}},"7":{"start":{"line":9,"column":4},"end":{"line":13,"column":5}},"8":{"start":{"line":10,"column":6},"end":{"line":null,"column":-1}},"9":{"start":{"line":12,"column":6},"end":{"line":null,"column":-1}},"10":{"start":{"line":15,"column":2},"end":{"line":null,"column":-1}},"11":{"start":{"line":18,"column":21},"end":{"line":18,"column":0}}},"fnMap":{},"branchMap":{"0":{"loc":{"start":{"line":8,"column":0},"end":{"line":16,"column":1}},"type":"if","locations":[{"start":{"line":8,"column":0},"end":{"line":16,"column":1}},{"start":{"line":8,"column":0},"end":{"line":16,"column":1}}]},"1":{"loc":{"start":{"line":9,"column":4},"end":{"line":13,"column":5}},"type":"if","locations":[{"start":{"line":9,"column":4},"end":{"line":13,"column":5}},{"start":{"line":9,"column":4},"end":{"line":13,"column":5}}]}},"s":{"0":0,"1":0,"2":0,"3":0,"4":0,"5":0,"6":0,"7":0,"8":0,"9":0,"10":0,"11":0},"f":{},"b":{"0":[0,0],"1":[0,0]}}
,"E:\\algorithm_platform\\src\\common\\filter\\index.js": {"path":"E:\\algorithm_platform\\src\\common\\filter\\index.js","statementMap":{"0":{"start":{"line":4,"column":2},"end":{"line":null,"column":-1}},"1":{"start":{"line":5,"column":4},"end":{"line":5,"column":26}},"2":{"start":{"line":5,"column":17},"end":{"line":5,"column":26}},"3":{"start":{"line":6,"column":4},"end":{"line":null,"column":-1}},"4":{"start":{"line":7,"column":4},"end":{"line":11,"column":5}},"5":{"start":{"line":8,"column":6},"end":{"line":null,"column":-1}},"6":{"start":{"line":10,"column":6},"end":{"line":null,"column":-1}},"7":{"start":{"line":12,"column":4},"end":{"line":null,"column":-1}},"8":{"start":{"line":13,"column":4},"end":{"line":15,"column":5}},"9":{"start":{"line":14,"column":6},"end":{"line":null,"column":-1}},"10":{"start":{"line":16,"column":16},"end":{"line":16,"column":4}},"11":{"start":{"line":25,"column":4},"end":{"line":null,"column":-1}},"12":{"start":{"line":26,"column":14},"end":{"line":26,"column":6}},"13":{"start":{"line":27,"column":6},"end":{"line":36,"column":7}},"14":{"start":{"line":28,"column":8},"end":{"line":31,"column":9}},"15":{"start":{"line":29,"column":10},"end":{"line":null,"column":-1}},"16":{"start":{"line":30,"column":10},"end":{"line":null,"column":-1}},"17":{"start":{"line":32,"column":8},"end":{"line":null,"column":-1}},"18":{"start":{"line":34,"column":11},"end":{"line":36,"column":7}},"19":{"start":{"line":35,"column":8},"end":{"line":null,"column":-1}},"20":{"start":{"line":37,"column":6},"end":{"line":null,"column":-1}},"21":{"start":{"line":39,"column":4},"end":{"line":null,"column":-1}},"22":{"start":{"line":42,"column":2},"end":{"line":null,"column":-1}},"23":{"start":{"line":43,"column":4},"end":{"line":43,"column":26}},"24":{"start":{"line":43,"column":17},"end":{"line":43,"column":26}},"25":{"start":{"line":44,"column":4},"end":{"line":null,"column":-1}},"26":{"start":{"line":45,"column":4},"end":{"line":49,"column":5}},"27":{"start":{"line":46,"column":6},"end":{"line":null,"column":-1}},"28":{"start":{"line":48,"column":6},"end":{"line":null,"column":-1}},"29":{"start":{"line":50,"column":4},"end":{"line":null,"column":-1}},"30":{"start":{"line":51,"column":19},"end":{"line":51,"column":4}},"31":{"start":{"line":52,"column":17},"end":{"line":52,"column":4}},"32":{"start":{"line":53,"column":15},"end":{"line":53,"column":4}},"33":{"start":{"line":54,"column":14},"end":{"line":54,"column":4}},"34":{"start":{"line":55,"column":16},"end":{"line":55,"column":4}},"35":{"start":{"line":57,"column":16},"end":{"line":57,"column":6}},"36":{"start":{"line":58,"column":6},"end":{"line":61,"column":7}},"37":{"start":{"line":59,"column":8},"end":{"line":null,"column":-1}},"38":{"start":{"line":60,"column":8},"end":{"line":null,"column":-1}},"39":{"start":{"line":62,"column":6},"end":{"line":null,"column":-1}},"40":{"start":{"line":65,"column":16},"end":{"line":65,"column":6}},"41":{"start":{"line":66,"column":22},"end":{"line":66,"column":6}},"42":{"start":{"line":67,"column":19},"end":{"line":67,"column":6}},"43":{"start":{"line":68,"column":18},"end":{"line":68,"column":6}},"44":{"start":{"line":69,"column":17},"end":{"line":69,"column":6}},"45":{"start":{"line":70,"column":18},"end":{"line":70,"column":6}},"46":{"start":{"line":71,"column":17},"end":{"line":71,"column":6}},"47":{"start":{"line":72,"column":19},"end":{"line":72,"column":6}},"48":{"start":{"line":73,"column":6},"end":{"line":81,"column":7}},"49":{"start":{"line":74,"column":8},"end":{"line":null,"column":-1}},"50":{"start":{"line":76,"column":11},"end":{"line":81,"column":7}},"51":{"start":{"line":77,"column":8},"end":{"line":null,"column":-1}},"52":{"start":{"line":79,"column":11},"end":{"line":81,"column":7}},"53":{"start":{"line":80,"column":8},"end":{"line":null,"column":-1}},"54":{"start":{"line":82,"column":6},"end":{"line":null,"column":-1}},"55":{"start":{"line":84,"column":4},"end":{"line":null,"column":-1}},"56":{"start":{"line":85,"column":4},"end":{"line":null,"column":-1}}},"fnMap":{"0":{"name":"(anonymous_1)","decl":{"start":{"line":4,"column":28},"end":{"line":4,"column":37}},"loc":{"start":{"line":4,"column":52},"end":{"line":4,"column":2}}},"1":{"name":"(anonymous_2)","decl":{"start":{"line":25,"column":46},"end":{"line":25,"column":55}},"loc":{"start":{"line":25,"column":64},"end":{"line":25,"column":13}}},"2":{"name":"(anonymous_3)","decl":{"start":{"line":42,"column":28},"end":{"line":42,"column":37}},"loc":{"start":{"line":42,"column":44},"end":{"line":42,"column":2}}},"3":{"name":"pad","decl":{"start":{"line":56,"column":13},"end":{"line":56,"column":4}},"loc":{"start":{"line":56,"column":25},"end":{"line":63,"column":5}}},"4":{"name":"getDateDiff","decl":{"start":{"line":64,"column":13},"end":{"line":64,"column":4}},"loc":{"start":{"line":64,"column":40},"end":{"line":83,"column":5}}}},"branchMap":{"0":{"loc":{"start":{"line":5,"column":4},"end":{"line":5,"column":26}},"type":"if","locations":[{"start":{"line":5,"column":4},"end":{"line":5,"column":26}},{"start":{"line":5,"column":4},"end":{"line":5,"column":26}}]},"1":{"loc":{"start":{"line":7,"column":4},"end":{"line":11,"column":5}},"type":"if","locations":[{"start":{"line":7,"column":4},"end":{"line":11,"column":5}},{"start":{"line":7,"column":4},"end":{"line":11,"column":5}}]},"2":{"loc":{"start":{"line":13,"column":4},"end":{"line":15,"column":5}},"type":"if","locations":[{"start":{"line":13,"column":4},"end":{"line":15,"column":5}},{"start":{"line":13,"column":4},"end":{"line":15,"column":5}}]},"3":{"loc":{"start":{"line":27,"column":6},"end":{"line":36,"column":7}},"type":"if","locations":[{"start":{"line":27,"column":6},"end":{"line":36,"column":7}},{"start":{"line":27,"column":6},"end":{"line":36,"column":7}}]},"4":{"loc":{"start":{"line":28,"column":8},"end":{"line":31,"column":9}},"type":"if","locations":[{"start":{"line":28,"column":8},"end":{"line":31,"column":9}},{"start":{"line":28,"column":8},"end":{"line":31,"column":9}}]},"5":{"loc":{"start":{"line":34,"column":11},"end":{"line":36,"column":7}},"type":"if","locations":[{"start":{"line":34,"column":11},"end":{"line":36,"column":7}},{"start":{"line":34,"column":11},"end":{"line":36,"column":7}}]},"6":{"loc":{"start":{"line":43,"column":4},"end":{"line":43,"column":26}},"type":"if","locations":[{"start":{"line":43,"column":4},"end":{"line":43,"column":26}},{"start":{"line":43,"column":4},"end":{"line":43,"column":26}}]},"7":{"loc":{"start":{"line":45,"column":4},"end":{"line":49,"column":5}},"type":"if","locations":[{"start":{"line":45,"column":4},"end":{"line":49,"column":5}},{"start":{"line":45,"column":4},"end":{"line":49,"column":5}}]},"8":{"loc":{"start":{"line":73,"column":6},"end":{"line":81,"column":7}},"type":"if","locations":[{"start":{"line":73,"column":6},"end":{"line":81,"column":7}},{"start":{"line":73,"column":6},"end":{"line":81,"column":7}}]},"9":{"loc":{"start":{"line":76,"column":11},"end":{"line":81,"column":7}},"type":"if","locations":[{"start":{"line":76,"column":11},"end":{"line":81,"column":7}},{"start":{"line":76,"column":11},"end":{"line":81,"column":7}}]},"10":{"loc":{"start":{"line":79,"column":11},"end":{"line":81,"column":7}},"type":"if","locations":[{"start":{"line":79,"column":11},"end":{"line":81,"column":7}},{"start":{"line":79,"column":11},"end":{"line":81,"column":7}}]}},"s":{"0":0,"1":0,"2":0,"3":0,"4":0,"5":0,"6":0,"7":0,"8":0,"9":0,"10":0,"11":0,"12":0,"13":0,"14":0,"15":0,"16":0,"17":0,"18":0,"19":0,"20":0,"21":0,"22":0,"23":0,"24":0,"25":0,"26":0,"27":0,"28":0,"29":0,"30":0,"31":0,"32":0,"33":0,"34":0,"35":0,"36":0,"37":0,"38":0,"39":0,"40":0,"41":0,"42":0,"43":0,"44":0,"45":0,"46":0,"47":0,"48":0,"49":0,"50":0,"51":0,"52":0,"53":0,"54":0,"55":0,"56":0},"f":{"0":0,"1":0,"2":0,"3":0,"4":0},"b":{"0":[0,0],"1":[0,0],"2":[0,0],"3":[0,0],"4":[0,0],"5":[0,0],"6":[0,0],"7":[0,0],"8":[0,0],"9":[0,0],"10":[0,0]}}
,"E:\\algorithm_platform\\src\\common\\http\\index.js": {"path":"E:\\algorithm_platform\\src\\common\\http\\index.js","statementMap":{"0":{"start":{"line":1,"column":0},"end":{"line":null,"column":-1}},"1":{"start":{"line":2,"column":0},"end":{"line":null,"column":-1}},"2":{"start":{"line":3,"column":0},"end":{"line":null,"column":-1}},"3":{"start":{"line":4,"column":0},"end":{"line":null,"column":-1}},"4":{"start":{"line":7,"column":0},"end":{"line":null,"column":-1}},"5":{"start":{"line":9,"column":8},"end":{"line":9,"column":4}},"6":{"start":{"line":10,"column":4},"end":{"line":null,"column":-1}},"7":{"start":{"line":13,"column":4},"end":{"line":null,"column":-1}},"8":{"start":{"line":20,"column":4},"end":{"line":null,"column":-1}},"9":{"start":{"line":23,"column":4},"end":{"line":29,"column":5}},"10":{"start":{"line":25,"column":6},"end":{"line":null,"column":-1}},"11":{"start":{"line":30,"column":4},"end":{"line":null,"column":-1}},"12":{"start":{"line":36,"column":4},"end":{"line":null,"column":-1}},"13":{"start":{"line":44,"column":8},"end":{"line":null,"column":-1}},"14":{"start":{"line":47,"column":8},"end":{"line":null,"column":-1}},"15":{"start":{"line":51,"column":4},"end":{"line":null,"column":-1}},"16":{"start":{"line":59,"column":8},"end":{"line":null,"column":-1}},"17":{"start":{"line":62,"column":8},"end":{"line":null,"column":-1}}},"fnMap":{"0":{"name":"(anonymous_1)","decl":{"start":{"line":8,"column":2},"end":{"line":8,"column":11}},"loc":{"start":{"line":8,"column":12},"end":{"line":7,"column":0}}},"1":{"name":"(anonymous_2)","decl":{"start":{"line":12,"column":2},"end":{"line":12,"column":10}},"loc":{"start":{"line":12,"column":11},"end":{"line":7,"column":0}}},"2":{"name":"(anonymous_3)","decl":{"start":{"line":19,"column":2},"end":{"line":19,"column":13}},"loc":{"start":{"line":19,"column":14},"end":{"line":18,"column":0}}},"3":{"name":"(anonymous_4)","decl":{"start":{"line":22,"column":2},"end":{"line":22,"column":10}},"loc":{"start":{"line":22,"column":11},"end":{"line":18,"column":0}}},"4":{"name":"post","decl":{"start":{"line":34,"column":15},"end":{"line":35,"column":6}},"loc":{"start":{"line":35,"column":18},"end":{"line":34,"column":15}}},"5":{"name":"(anonymous_6)","decl":{"start":{"line":43,"column":12},"end":{"line":43,"column":23}},"loc":{"start":{"line":43,"column":24},"end":{"line":36,"column":11}}},"6":{"name":"(anonymous_7)","decl":{"start":{"line":46,"column":13},"end":{"line":46,"column":21}},"loc":{"start":{"line":46,"column":22},"end":{"line":36,"column":11}}},"7":{"name":"get","decl":{"start":{"line":34,"column":15},"end":{"line":50,"column":5}},"loc":{"start":{"line":50,"column":17},"end":{"line":34,"column":15}}},"8":{"name":"(anonymous_9)","decl":{"start":{"line":58,"column":12},"end":{"line":58,"column":23}},"loc":{"start":{"line":58,"column":24},"end":{"line":51,"column":11}}},"9":{"name":"(anonymous_10)","decl":{"start":{"line":61,"column":13},"end":{"line":61,"column":21}},"loc":{"start":{"line":61,"column":22},"end":{"line":51,"column":11}}}},"branchMap":{"0":{"loc":{"start":{"line":23,"column":4},"end":{"line":29,"column":5}},"type":"if","locations":[{"start":{"line":23,"column":4},"end":{"line":29,"column":5}},{"start":{"line":23,"column":4},"end":{"line":29,"column":5}}]},"1":{"loc":{"start":{"line":26,"column":8},"end":{"line":25,"column":6}},"type":"switch","locations":[{"start":{"line":26,"column":8},"end":{"line":25,"column":6}}]}},"s":{"0":0,"1":0,"2":0,"3":0,"4":0,"5":0,"6":0,"7":0,"8":0,"9":0,"10":0,"11":0,"12":0,"13":0,"14":0,"15":0,"16":0,"17":0},"f":{"0":0,"1":0,"2":0,"3":0,"4":0,"5":0,"6":0,"7":0,"8":0,"9":0},"b":{"0":[0,0],"1":[0]}}
}
